[0m13:46:49.658668 [debug] [MainThread]: Sending event: {'category': 'dbt', 'action': 'invocation', 'label': 'start', 'context': [<snowplow_tracker.self_describing_json.SelfDescribingJson object at 0x00000282B0F582F0>, <snowplow_tracker.self_describing_json.SelfDescribingJson object at 0x00000282AFB60A50>, <snowplow_tracker.self_describing_json.SelfDescribingJson object at 0x00000282B3013D90>]}


============================== 13:46:49.765345 | d6fc4b5b-c0ab-4798-8557-bd259c02938d ==============================
[0m13:46:49.765345 [info ] [MainThread]: Running with dbt=1.10.7
[0m13:46:49.765890 [debug] [MainThread]: running dbt with arguments {'printer_width': '80', 'indirect_selection': 'eager', 'log_cache_events': 'False', 'write_json': 'True', 'partial_parse': 'True', 'cache_selected_only': 'False', 'warn_error': 'None', 'debug': 'False', 'profiles_dir': 'C:\\Users\\JP\\.dbt', 'log_path': 'logs', 'version_check': 'True', 'fail_fast': 'False', 'use_colors': 'True', 'use_experimental_parser': 'False', 'empty': 'None', 'quiet': 'False', 'no_print': 'None', 'log_format': 'default', 'introspect': 'True', 'invocation_command': 'dbt init', 'warn_error_options': 'WarnErrorOptionsV2(error=[], warn=[], silence=[])', 'target_path': 'None', 'static_parser': 'True', 'send_anonymous_usage_stats': 'True'}
[0m13:46:49.925397 [info ] [MainThread]: Creating dbt configuration folder at C:\Users\JP\.dbt
[0m13:47:04.076933 [debug] [MainThread]: Starter project path: G:\projeto-db4\.venv\Lib\site-packages\dbt\include\starter_project
[0m13:47:04.096261 [info ] [MainThread]: 
Your new dbt project "datawarehouse" was created!

For more information on how to configure the profiles.yml file,
please consult the dbt documentation here:

  https://docs.getdbt.com/docs/configure-your-profile

One more thing:

Need help? Don't hesitate to reach out to us via GitHub issues or on Slack:

  https://community.getdbt.com/

Happy modeling!

[0m13:47:04.096996 [info ] [MainThread]: Setting up your profile.
[0m13:47:52.277962 [info ] [MainThread]: Profile datawarehouse written to C:\Users\JP\.dbt\profiles.yml using target's profile_template.yml and your supplied values. Run 'dbt debug' to validate the connection.
[0m13:47:52.279096 [debug] [MainThread]: Command `dbt init` succeeded at 13:47:52.278980 after 62.71 seconds
[0m13:47:52.279437 [debug] [MainThread]: Sending event: {'category': 'dbt', 'action': 'invocation', 'label': 'end', 'context': [<snowplow_tracker.self_describing_json.SelfDescribingJson object at 0x00000282B33162C0>, <snowplow_tracker.self_describing_json.SelfDescribingJson object at 0x00000282B30A69F0>, <snowplow_tracker.self_describing_json.SelfDescribingJson object at 0x00000282B2E5FF00>]}
[0m13:47:52.279796 [debug] [MainThread]: Flushing usage events
[0m13:47:52.971243 [debug] [MainThread]: An error was encountered while trying to flush usage events
[0m13:53:59.389994 [debug] [MainThread]: Sending event: {'category': 'dbt', 'action': 'invocation', 'label': 'start', 'context': [<snowplow_tracker.self_describing_json.SelfDescribingJson object at 0x00000282D1BD42F0>, <snowplow_tracker.self_describing_json.SelfDescribingJson object at 0x00000282D2C0BED0>, <snowplow_tracker.self_describing_json.SelfDescribingJson object at 0x00000282D2C0BB10>]}


============================== 13:53:59.393774 | 4e94dc81-f547-4d66-b1d2-64f40f285024 ==============================
[0m13:53:59.393774 [info ] [MainThread]: Running with dbt=1.10.7
[0m13:53:59.394301 [debug] [MainThread]: running dbt with arguments {'printer_width': '80', 'indirect_selection': 'eager', 'write_json': 'True', 'log_cache_events': 'False', 'partial_parse': 'True', 'cache_selected_only': 'False', 'profiles_dir': 'C:\\Users\\JP\\.dbt', 'version_check': 'True', 'debug': 'False', 'log_path': 'logs', 'warn_error': 'None', 'fail_fast': 'False', 'use_colors': 'True', 'use_experimental_parser': 'False', 'empty': 'None', 'quiet': 'False', 'no_print': 'None', 'warn_error_options': 'WarnErrorOptionsV2(error=[], warn=[], silence=[])', 'introspect': 'True', 'static_parser': 'True', 'invocation_command': 'dbt debug', 'target_path': 'None', 'log_format': 'default', 'send_anonymous_usage_stats': 'True'}
[0m13:53:59.438155 [info ] [MainThread]: dbt version: 1.10.7
[0m13:53:59.438583 [info ] [MainThread]: python version: 3.13.3
[0m13:53:59.438877 [info ] [MainThread]: python path: G:\projeto-db4\.venv\Scripts\python.exe
[0m13:53:59.439148 [info ] [MainThread]: os info: Windows-11-10.0.22631-SP0
[0m13:53:59.488213 [info ] [MainThread]: Using profiles dir at C:\Users\JP\.dbt
[0m13:53:59.488717 [info ] [MainThread]: Using profiles.yml file at C:\Users\JP\.dbt\profiles.yml
[0m13:53:59.489062 [info ] [MainThread]: Using dbt_project.yml file at G:\projeto-db4\dbt_project.yml
[0m13:53:59.497476 [info ] [MainThread]: adapter type: postgres
[0m13:53:59.498098 [info ] [MainThread]: adapter version: 1.9.0
[0m13:53:59.498537 [info ] [MainThread]: Configuration:
[0m13:53:59.498877 [info ] [MainThread]:   profiles.yml file [[32mOK found and valid[0m]
[0m13:53:59.499167 [info ] [MainThread]:   dbt_project.yml file [[31mERROR not found[0m]
[0m13:53:59.499432 [info ] [MainThread]: Required dependencies:
[0m13:53:59.499709 [debug] [MainThread]: Executing "git --help"
[0m13:53:59.542321 [debug] [MainThread]: STDOUT: "b"usage: git [-v | --version] [-h | --help] [-C <path>] [-c <name>=<value>]\n           [--exec-path[=<path>]] [--html-path] [--man-path] [--info-path]\n           [-p | --paginate | -P | --no-pager] [--no-replace-objects] [--bare]\n           [--git-dir=<path>] [--work-tree=<path>] [--namespace=<name>]\n           [--super-prefix=<path>] [--config-env=<name>=<envvar>]\n           <command> [<args>]\n\nThese are common Git commands used in various situations:\n\nstart a working area (see also: git help tutorial)\n   clone     Clone a repository into a new directory\n   init      Create an empty Git repository or reinitialize an existing one\n\nwork on the current change (see also: git help everyday)\n   add       Add file contents to the index\n   mv        Move or rename a file, a directory, or a symlink\n   restore   Restore working tree files\n   rm        Remove files from the working tree and from the index\n\nexamine the history and state (see also: git help revisions)\n   bisect    Use binary search to find the commit that introduced a bug\n   diff      Show changes between commits, commit and working tree, etc\n   grep      Print lines matching a pattern\n   log       Show commit logs\n   show      Show various types of objects\n   status    Show the working tree status\n\ngrow, mark and tweak your common history\n   branch    List, create, or delete branches\n   commit    Record changes to the repository\n   merge     Join two or more development histories together\n   rebase    Reapply commits on top of another base tip\n   reset     Reset current HEAD to the specified state\n   switch    Switch branches\n   tag       Create, list, delete or verify a tag object signed with GPG\n\ncollaborate (see also: git help workflows)\n   fetch     Download objects and refs from another repository\n   pull      Fetch from and integrate with another repository or a local branch\n   push      Update remote refs along with associated objects\n\n'git help -a' and 'git help -g' list available subcommands and some\nconcept guides. See 'git help <command>' or 'git help <concept>'\nto read about a specific subcommand or concept.\nSee 'git help git' for an overview of the system.\n""
[0m13:53:59.542805 [debug] [MainThread]: STDERR: "b''"
[0m13:53:59.543137 [info ] [MainThread]:  - git [[32mOK found[0m]

[0m13:53:59.543534 [info ] [MainThread]: Connection:
[0m13:53:59.543852 [info ] [MainThread]:   host: dpg-d2bng4buibrs73fpm6vg-a.oregon-postgres.render.com
[0m13:53:59.544373 [info ] [MainThread]:   port: 5432
[0m13:53:59.544798 [info ] [MainThread]:   user: dbfinance_g3yx_user
[0m13:53:59.545085 [info ] [MainThread]:   database: dbfinance_g3yx
[0m13:53:59.545341 [info ] [MainThread]:   schema: public
[0m13:53:59.545621 [info ] [MainThread]:   connect_timeout: 10
[0m13:53:59.546025 [info ] [MainThread]:   role: None
[0m13:53:59.546372 [info ] [MainThread]:   search_path: None
[0m13:53:59.546714 [info ] [MainThread]:   keepalives_idle: 0
[0m13:53:59.547017 [info ] [MainThread]:   sslmode: None
[0m13:53:59.547283 [info ] [MainThread]:   sslcert: None
[0m13:53:59.547539 [info ] [MainThread]:   sslkey: None
[0m13:53:59.547788 [info ] [MainThread]:   sslrootcert: None
[0m13:53:59.548098 [info ] [MainThread]:   application_name: dbt
[0m13:53:59.548397 [info ] [MainThread]:   retries: 1
[0m13:53:59.548954 [info ] [MainThread]: Registered adapter: postgres=1.9.0
[0m13:53:59.757478 [debug] [MainThread]: Acquiring new postgres connection 'debug'
[0m13:53:59.887445 [debug] [MainThread]: Using postgres connection "debug"
[0m13:53:59.887796 [debug] [MainThread]: On debug: select 1 as id
[0m13:53:59.888039 [debug] [MainThread]: Opening a new connection, currently in state init
[0m13:54:01.230016 [debug] [MainThread]: SQL status: SELECT 1 in 1.342 seconds
[0m13:54:01.231033 [debug] [MainThread]: On debug: Close
[0m13:54:01.231517 [info ] [MainThread]:   Connection test: [[32mOK connection ok[0m]

[0m13:54:01.231990 [info ] [MainThread]: [31m1 check failed:[0m
[0m13:54:01.232350 [info ] [MainThread]: Project loading failed for the following reason:
 project path <G:\projeto-db4\dbt_project.yml> not found

[0m13:54:01.233383 [debug] [MainThread]: Command `dbt debug` failed at 13:54:01.233267 after 1.98 seconds
[0m13:54:01.233705 [debug] [MainThread]: Connection 'debug' was properly closed.
[0m13:54:01.234020 [debug] [MainThread]: Sending event: {'category': 'dbt', 'action': 'invocation', 'label': 'end', 'context': [<snowplow_tracker.self_describing_json.SelfDescribingJson object at 0x00000282D3E9E190>, <snowplow_tracker.self_describing_json.SelfDescribingJson object at 0x00000282D3DDA9F0>, <snowplow_tracker.self_describing_json.SelfDescribingJson object at 0x00000282D2D057B0>]}
[0m13:54:01.234380 [debug] [MainThread]: Flushing usage events
[0m13:54:01.791254 [debug] [MainThread]: An error was encountered while trying to flush usage events
